2026-03-24 11:55:53,174 INFO o.a.j.u.JMeterUtils: Setting Locale to zh_CN
2026-03-24 11:55:53,191 INFO o.a.j.JMeter: Loading user properties from: /Users/tanlinhai/apache-jmeter-5.6.3/bin/user.properties
2026-03-24 11:55:53,192 INFO o.a.j.JMeter: Loading system properties from: /Users/tanlinhai/apache-jmeter-5.6.3/bin/system.properties
2026-03-24 11:55:53,195 INFO o.a.j.JMeter: Copyright (c) 1998-2024 The Apache Software Foundation
2026-03-24 11:55:53,195 INFO o.a.j.JMeter: Version 5.6.3
2026-03-24 11:55:53,195 INFO o.a.j.JMeter: java.version=21.0.7
2026-03-24 11:55:53,195 INFO o.a.j.JMeter: java.vm.name=Java HotSpot(TM) 64-Bit Server VM
2026-03-24 11:55:53,195 INFO o.a.j.JMeter: os.name=Mac OS X
2026-03-24 11:55:53,196 INFO o.a.j.JMeter: os.arch=aarch64
2026-03-24 11:55:53,196 INFO o.a.j.JMeter: os.version=26.3.1
2026-03-24 11:55:53,196 INFO o.a.j.JMeter: file.encoding=UTF-8
2026-03-24 11:55:53,196 INFO o.a.j.JMeter: java.awt.headless=null
2026-03-24 11:55:53,196 INFO o.a.j.JMeter: Max memory     =1073741824
2026-03-24 11:55:53,196 INFO o.a.j.JMeter: Available Processors =12
2026-03-24 11:55:53,201 INFO o.a.j.JMeter: Default Locale=English (EN)
2026-03-24 11:55:53,201 INFO o.a.j.JMeter: JMeter  Locale=Chinese (China)
2026-03-24 11:55:53,201 INFO o.a.j.JMeter: JMeterHome=/Users/tanlinhai/apache-jmeter-5.6.3
2026-03-24 11:55:53,201 INFO o.a.j.JMeter: user.dir  =/Users/tanlinhai/mind-map/web
2026-03-24 11:55:53,201 INFO o.a.j.JMeter: PWD       =/Users/tanlinhai/mind-map/web
2026-03-24 11:55:53,205 INFO o.a.j.JMeter: IP: 127.0.0.1 Name: MacBook-Pro-4.local FullName: localhost
2026-03-24 11:55:53,212 INFO o.a.j.JMeter: Loaded icon properties from org/apache/jmeter/images/icon.properties
2026-03-24 11:55:53,494 INFO o.a.j.JMeterGuiLauncher: Setting LAF to: com.github.weisj.darklaf.DarkLaf:com.github.weisj.darklaf.theme.DarculaTheme
2026-03-24 11:55:54,408 INFO o.a.j.r.ClassFinder: Will scan jar /Users/tanlinhai/apache-jmeter-5.6.3/lib/ext/jmeter-websocket-samplers-1.3.jar with filter ExtendsClassFilter [parents=[interface org.apache.jmeter.gui.action.Command], inner=false, contains=null, notContains=null]. Consider exposing JMeter plugins via META-INF/services, and add JMeter-Skip-Class-Scanning=true manifest attribute so JMeter can skip classfile scanning
2026-03-24 11:55:54,418 INFO o.a.j.r.ClassFinder: Will scan jar /Users/tanlinhai/apache-jmeter-5.6.3/lib/ext/jmeter-plugins-graphs-basic-2.0.jar with filter ExtendsClassFilter [parents=[interface org.apache.jmeter.gui.action.Command], inner=false, contains=null, notContains=null]. Consider exposing JMeter plugins via META-INF/services, and add JMeter-Skip-Class-Scanning=true manifest attribute so JMeter can skip classfile scanning
2026-03-24 11:55:54,420 INFO o.a.j.r.ClassFinder: Will scan jar /Users/tanlinhai/apache-jmeter-5.6.3/lib/ext/jmeter-plugins-casutg-3.1.1.jar with filter ExtendsClassFilter [parents=[interface org.apache.jmeter.gui.action.Command], inner=false, contains=null, notContains=null]. Consider exposing JMeter plugins via META-INF/services, and add JMeter-Skip-Class-Scanning=true manifest attribute so JMeter can skip classfile scanning
2026-03-24 11:55:54,426 INFO o.a.j.r.ClassFinder: Will scan jar /Users/tanlinhai/apache-jmeter-5.6.3/lib/ext/jmeter-plugins-manager-1.11.jar with filter ExtendsClassFilter [parents=[interface org.apache.jmeter.gui.action.Command], inner=false, contains=null, notContains=null]. Consider exposing JMeter plugins via META-INF/services, and add JMeter-Skip-Class-Scanning=true manifest attribute so JMeter can skip classfile scanning
2026-03-24 11:55:54,485 INFO o.a.j.r.ClassFinder: Will scan jar /Users/tanlinhai/apache-jmeter-5.6.3/lib/ext/jmeter-websocket-samplers-1.3.jar with filter ExtendsClassFilter [parents=[interface org.apache.jmeter.gui.plugin.MenuCreator], inner=false, contains=null, notContains=null]. Consider exposing JMeter plugins via META-INF/services, and add JMeter-Skip-Class-Scanning=true manifest attribute so JMeter can skip classfile scanning
2026-03-24 11:55:54,486 INFO o.a.j.r.ClassFinder: Will scan jar /Users/tanlinhai/apache-jmeter-5.6.3/lib/ext/jmeter-plugins-graphs-basic-2.0.jar with filter ExtendsClassFilter [parents=[interface org.apache.jmeter.gui.plugin.MenuCreator], inner=false, contains=null, notContains=null]. Consider exposing JMeter plugins via META-INF/services, and add JMeter-Skip-Class-Scanning=true manifest attribute so JMeter can skip classfile scanning
2026-03-24 11:55:54,486 INFO o.a.j.r.ClassFinder: Will scan jar /Users/tanlinhai/apache-jmeter-5.6.3/lib/ext/jmeter-plugins-casutg-3.1.1.jar with filter ExtendsClassFilter [parents=[interface org.apache.jmeter.gui.plugin.MenuCreator], inner=false, contains=null, notContains=null]. Consider exposing JMeter plugins via META-INF/services, and add JMeter-Skip-Class-Scanning=true manifest attribute so JMeter can skip classfile scanning
2026-03-24 11:55:54,486 INFO o.a.j.r.ClassFinder: Will scan jar /Users/tanlinhai/apache-jmeter-5.6.3/lib/ext/jmeter-plugins-manager-1.11.jar with filter ExtendsClassFilter [parents=[interface org.apache.jmeter.gui.plugin.MenuCreator], inner=false, contains=null, notContains=null]. Consider exposing JMeter plugins via META-INF/services, and add JMeter-Skip-Class-Scanning=true manifest attribute so JMeter can skip classfile scanning
2026-03-24 11:55:54,517 INFO o.j.r.JARSourceHTTP: Using proxy 127.0.0.1:7897
2026-03-24 11:55:54,519 INFO o.j.r.JARSourceHTTP: Using proxy 127.0.0.1:7897
2026-03-24 11:55:54,542 INFO o.j.r.JARSourceHTTP: Requesting https://jmeter-plugins.org/repo/?installID=mac_os_x-2e97d6ed4b497ef0c5769c1cc688fb91-gui
2026-03-24 11:55:56,658 INFO o.j.r.JARSourceHTTP: Using proxy 127.0.0.1:7897
2026-03-24 11:55:56,658 INFO o.j.r.PluginManager: Plugins Status: [jpgc-graphs-basic=2.0, jpgc-casutg=3.1.1, jmeter-studio-oss=0.0.0-STOCK, jpgc-plugins-manager=1.11, websocket-samplers=1.3, jmeter-core=5.6.3, jmeter-ftp=5.6.3, jmeter-http=5.6.3, jmeter-jdbc=5.6.3, jmeter-jms=5.6.3, jmeter-junit=5.6.3, jmeter-java=5.6.3, jmeter-ldap=5.6.3, jmeter-mail=5.6.3, jmeter-mongodb=5.6.3, jmeter-native=5.6.3, jmeter-tcp=5.6.3, jmeter-components=5.6.3]
2026-03-24 11:55:56,659 INFO o.j.r.PluginManagerMenuItem: Plugins Manager has upgrades: [jmeter-studio-oss, websocket-samplers]
2026-03-24 11:57:01,063 INFO o.a.j.p.h.s.HTTPSamplerBase: Parser for text/html is org.apache.jmeter.protocol.http.parser.LagartoBasedHtmlParser
2026-03-24 11:57:01,063 INFO o.a.j.p.h.s.HTTPSamplerBase: Parser for application/xhtml+xml is org.apache.jmeter.protocol.http.parser.LagartoBasedHtmlParser
2026-03-24 11:57:01,063 INFO o.a.j.p.h.s.HTTPSamplerBase: Parser for application/xml is org.apache.jmeter.protocol.http.parser.LagartoBasedHtmlParser
2026-03-24 11:57:01,063 INFO o.a.j.p.h.s.HTTPSamplerBase: Parser for text/xml is org.apache.jmeter.protocol.http.parser.LagartoBasedHtmlParser
2026-03-24 11:57:01,063 INFO o.a.j.p.h.s.HTTPSamplerBase: Parser for text/vnd.wap.wml is org.apache.jmeter.protocol.http.parser.RegexpHTMLParser
2026-03-24 11:57:01,063 INFO o.a.j.p.h.s.HTTPSamplerBase: Parser for text/css is org.apache.jmeter.protocol.http.parser.CssParser
2026-03-24 11:58:02,841 INFO o.a.j.s.SampleResult: Note: Sample TimeStamps are START times
2026-03-24 11:58:02,841 INFO o.a.j.s.SampleResult: sampleresult.default.encoding is set to UTF-8
2026-03-24 11:58:02,842 INFO o.a.j.s.SampleResult: sampleresult.useNanoTime=true
2026-03-24 11:58:02,842 INFO o.a.j.s.SampleResult: sampleresult.nanoThreadSleep=5000
2026-03-24 11:58:02,899 INFO o.a.j.r.ClassFinder: Will scan jar /Users/tanlinhai/apache-jmeter-5.6.3/lib/ext/jmeter-websocket-samplers-1.3.jar with filter ExtendsClassFilter [parents=[interface org.apache.jmeter.visualizers.ResultRenderer], inner=false, contains=null, notContains=null]. Consider exposing JMeter plugins via META-INF/services, and add JMeter-Skip-Class-Scanning=true manifest attribute so JMeter can skip classfile scanning
2026-03-24 11:58:02,900 INFO o.a.j.r.ClassFinder: Will scan jar /Users/tanlinhai/apache-jmeter-5.6.3/lib/ext/jmeter-plugins-graphs-basic-2.0.jar with filter ExtendsClassFilter [parents=[interface org.apache.jmeter.visualizers.ResultRenderer], inner=false, contains=null, notContains=null]. Consider exposing JMeter plugins via META-INF/services, and add JMeter-Skip-Class-Scanning=true manifest attribute so JMeter can skip classfile scanning
2026-03-24 11:58:02,900 INFO o.a.j.r.ClassFinder: Will scan jar /Users/tanlinhai/apache-jmeter-5.6.3/lib/ext/jmeter-plugins-casutg-3.1.1.jar with filter ExtendsClassFilter [parents=[interface org.apache.jmeter.visualizers.ResultRenderer], inner=false, contains=null, notContains=null]. Consider exposing JMeter plugins via META-INF/services, and add JMeter-Skip-Class-Scanning=true manifest attribute so JMeter can skip classfile scanning
2026-03-24 11:58:02,901 INFO o.a.j.r.ClassFinder: Will scan jar /Users/tanlinhai/apache-jmeter-5.6.3/lib/ext/jmeter-plugins-manager-1.11.jar with filter ExtendsClassFilter [parents=[interface org.apache.jmeter.visualizers.ResultRenderer], inner=false, contains=null, notContains=null]. Consider exposing JMeter plugins via META-INF/services, and add JMeter-Skip-Class-Scanning=true manifest attribute so JMeter can skip classfile scanning
2026-03-24 11:58:02,909 INFO o.a.j.r.ClassFinder: Will scan jar /Users/tanlinhai/apache-jmeter-5.6.3/lib/ext/jmeter-websocket-samplers-1.3.jar with filter ExtendsClassFilter [parents=[interface org.apache.jmeter.visualizers.RequestView], inner=false, contains=null, notContains=null]. Consider exposing JMeter plugins via META-INF/services, and add JMeter-Skip-Class-Scanning=true manifest attribute so JMeter can skip classfile scanning
2026-03-24 11:58:02,909 INFO o.a.j.r.ClassFinder: Will scan jar /Users/tanlinhai/apache-jmeter-5.6.3/lib/ext/jmeter-plugins-graphs-basic-2.0.jar with filter ExtendsClassFilter [parents=[interface org.apache.jmeter.visualizers.RequestView], inner=false, contains=null, notContains=null]. Consider exposing JMeter plugins via META-INF/services, and add JMeter-Skip-Class-Scanning=true manifest attribute so JMeter can skip classfile scanning
2026-03-24 11:58:02,909 INFO o.a.j.r.ClassFinder: Will scan jar /Users/tanlinhai/apache-jmeter-5.6.3/lib/ext/jmeter-plugins-casutg-3.1.1.jar with filter ExtendsClassFilter [parents=[interface org.apache.jmeter.visualizers.RequestView], inner=false, contains=null, notContains=null]. Consider exposing JMeter plugins via META-INF/services, and add JMeter-Skip-Class-Scanning=true manifest attribute so JMeter can skip classfile scanning
2026-03-24 11:58:02,909 INFO o.a.j.r.ClassFinder: Will scan jar /Users/tanlinhai/apache-jmeter-5.6.3/lib/ext/jmeter-plugins-manager-1.11.jar with filter ExtendsClassFilter [parents=[interface org.apache.jmeter.visualizers.RequestView], inner=false, contains=null, notContains=null]. Consider exposing JMeter plugins via META-INF/services, and add JMeter-Skip-Class-Scanning=true manifest attribute so JMeter can skip classfile scanning
2026-03-24 11:58:05,701 INFO o.a.j.e.StandardJMeterEngine: Running the test!
2026-03-24 11:58:05,702 INFO o.a.j.s.SampleEvent: List of sample_variables: []
2026-03-24 11:58:05,702 INFO o.a.j.s.SampleEvent: List of sample_variables: []
2026-03-24 11:58:05,702 INFO o.a.j.e.u.CompoundVariable: Note: Function class names must contain the string: '.functions.'
2026-03-24 11:58:05,703 INFO o.a.j.e.u.CompoundVariable: Note: Function class names must not contain the string: '.gui.'
2026-03-24 11:58:05,733 INFO o.a.j.r.ClassFinder: Will scan jar /Users/tanlinhai/apache-jmeter-5.6.3/lib/ext/jmeter-websocket-samplers-1.3.jar with filter ExtendsClassFilter [parents=[interface org.apache.jmeter.functions.Function], inner=false, contains=null, notContains=null]. Consider exposing JMeter plugins via META-INF/services, and add JMeter-Skip-Class-Scanning=true manifest attribute so JMeter can skip classfile scanning
2026-03-24 11:58:05,734 INFO o.a.j.r.ClassFinder: Will scan jar /Users/tanlinhai/apache-jmeter-5.6.3/lib/ext/jmeter-plugins-graphs-basic-2.0.jar with filter ExtendsClassFilter [parents=[interface org.apache.jmeter.functions.Function], inner=false, contains=null, notContains=null]. Consider exposing JMeter plugins via META-INF/services, and add JMeter-Skip-Class-Scanning=true manifest attribute so JMeter can skip classfile scanning
2026-03-24 11:58:05,734 INFO o.a.j.r.ClassFinder: Will scan jar /Users/tanlinhai/apache-jmeter-5.6.3/lib/ext/jmeter-plugins-casutg-3.1.1.jar with filter ExtendsClassFilter [parents=[interface org.apache.jmeter.functions.Function], inner=false, contains=null, notContains=null]. Consider exposing JMeter plugins via META-INF/services, and add JMeter-Skip-Class-Scanning=true manifest attribute so JMeter can skip classfile scanning
2026-03-24 11:58:05,734 INFO o.a.j.r.ClassFinder: Will scan jar /Users/tanlinhai/apache-jmeter-5.6.3/lib/ext/jmeter-plugins-manager-1.11.jar with filter ExtendsClassFilter [parents=[interface org.apache.jmeter.functions.Function], inner=false, contains=null, notContains=null]. Consider exposing JMeter plugins via META-INF/services, and add JMeter-Skip-Class-Scanning=true manifest attribute so JMeter can skip classfile scanning
2026-03-24 11:58:05,736 INFO o.a.j.g.u.JMeterMenuBar: setRunning(true, *local*)
2026-03-24 11:58:05,754 INFO o.a.j.e.StandardJMeterEngine: Starting ThreadGroup: 1 : slb压测
2026-03-24 11:58:05,754 INFO o.a.j.e.StandardJMeterEngine: Starting 1 threads for group slb压测.
2026-03-24 11:58:05,754 INFO o.a.j.e.StandardJMeterEngine: Thread will continue on error
2026-03-24 11:58:05,754 INFO o.a.j.t.ThreadGroup: Starting thread group... number=1 threads=1 ramp-up=1 delayedStart=false
2026-03-24 11:58:05,755 INFO o.a.j.t.ThreadGroup: Started thread group number 1
2026-03-24 11:58:05,755 INFO o.a.j.e.StandardJMeterEngine: All thread groups have been started
2026-03-24 11:58:05,755 INFO o.a.j.t.JMeterThread: Thread started: slb压测 1-1
2026-03-24 11:58:05,760 INFO o.a.j.p.h.s.HTTPHCAbstractImpl: Local host = MacBook-Pro-4.local
2026-03-24 11:58:05,762 INFO o.a.j.p.h.s.HTTPHC4Impl: HTTP request retry count = 0
2026-03-24 11:58:05,781 INFO o.a.j.p.h.s.h.LazyLayeredConnectionSocketFactory: Setting up HTTPS TrustAll Socket Factory
2026-03-24 11:58:05,782 INFO o.a.j.u.JsseSSLManager: Using default SSL protocol: TLS
2026-03-24 11:58:05,782 INFO o.a.j.u.JsseSSLManager: SSL session context: per-thread
2026-03-24 11:58:05,783 INFO o.a.j.u.SSLManager: JmeterKeyStore Location:  type JKS
2026-03-24 11:58:05,783 INFO o.a.j.u.SSLManager: KeyStore created OK
2026-03-24 11:58:05,784 WARN o.a.j.u.SSLManager: Keystore file not found, loading empty keystore
2026-03-24 11:58:05,926 INFO o.a.j.t.JMeterThread: Thread is done: slb压测 1-1
2026-03-24 11:58:05,926 INFO o.a.j.t.JMeterThread: Thread finished: slb压测 1-1
2026-03-24 11:58:05,926 INFO o.a.j.e.StandardJMeterEngine: Notifying test listeners of end of test
2026-03-24 11:58:05,927 INFO o.a.j.s.FileServer: Default base='/Users/tanlinhai/mind-map/web'
2026-03-24 11:58:05,927 INFO o.a.j.g.u.JMeterMenuBar: setRunning(false, *local*)
2026-03-24 11:58:16,607 INFO o.a.j.s.FileServer: Set new base='/Users/tanlinhai'
2026-03-24 11:58:16,682 INFO o.a.j.s.SaveService: Testplan (JMX) version: 2.2. Testlog (JTL) version: 2.2
2026-03-24 11:58:16,685 INFO o.a.j.s.SaveService: Using SaveService properties version 5.0
2026-03-24 11:58:16,685 INFO o.a.j.s.SaveService: Using SaveService properties file encoding UTF-8
2026-03-24 11:58:16,694 INFO o.a.j.e.StandardJMeterEngine: Running the test!
2026-03-24 11:58:16,694 INFO o.a.j.s.SampleEvent: List of sample_variables: []
2026-03-24 11:58:16,694 INFO o.a.j.g.u.JMeterMenuBar: setRunning(true, *local*)
2026-03-24 11:58:16,711 INFO o.a.j.e.StandardJMeterEngine: Starting ThreadGroup: 1 : slb压测
2026-03-24 11:58:16,711 INFO o.a.j.e.StandardJMeterEngine: Starting 1 threads for group slb压测.
2026-03-24 11:58:16,711 INFO o.a.j.e.StandardJMeterEngine: Thread will continue on error
2026-03-24 11:58:16,712 INFO o.a.j.t.ThreadGroup: Starting thread group... number=1 threads=1 ramp-up=1 delayedStart=false
2026-03-24 11:58:16,712 INFO o.a.j.t.ThreadGroup: Started thread group number 1
2026-03-24 11:58:16,712 INFO o.a.j.e.StandardJMeterEngine: All thread groups have been started
2026-03-24 11:58:16,712 INFO o.a.j.t.JMeterThread: Thread started: slb压测 1-1
2026-03-24 11:58:16,834 INFO o.a.j.t.JMeterThread: Thread is done: slb压测 1-1
2026-03-24 11:58:16,834 INFO o.a.j.t.JMeterThread: Thread finished: slb压测 1-1
2026-03-24 11:58:16,834 INFO o.a.j.e.StandardJMeterEngine: Notifying test listeners of end of test
2026-03-24 11:58:16,834 INFO o.a.j.g.u.JMeterMenuBar: setRunning(false, *local*)
2026-03-24 11:58:17,765 WARN o.a.j.s.SampleResult: Using platform default as utf-8,gbk caused utf-8,gbk
2026-03-24 11:58:17,766 WARN o.a.j.s.SampleResult: Using platform default as utf-8,gbk caused utf-8,gbk
2026-03-24 11:58:18,150 WARN o.a.j.s.SampleResult: Using platform default as utf-8,gbk caused utf-8,gbk
2026-03-24 11:58:18,151 WARN o.a.j.s.SampleResult: Using platform default as utf-8,gbk caused utf-8,gbk
2026-03-24 11:58:20,082 WARN o.a.j.s.SampleResult: Using platform default as utf-8,gbk caused utf-8,gbk
2026-03-24 11:58:20,082 WARN o.a.j.s.SampleResult: Using platform default as utf-8,gbk caused utf-8,gbk
2026-03-24 11:58:20,456 WARN o.a.j.s.SampleResult: Using platform default as utf-8,gbk caused utf-8,gbk
2026-03-24 11:58:20,456 WARN o.a.j.s.SampleResult: Using platform default as utf-8,gbk caused utf-8,gbk
2026-03-24 11:58:20,965 WARN o.a.j.s.SampleResult: Using platform default as utf-8,gbk caused utf-8,gbk
2026-03-24 11:58:20,965 WARN o.a.j.s.SampleResult: Using platform default as utf-8,gbk caused utf-8,gbk
2026-03-24 11:58:21,594 WARN o.a.j.s.SampleResult: Using platform default as utf-8,gbk caused utf-8,gbk
2026-03-24 11:58:21,594 WARN o.a.j.s.SampleResult: Using platform default as utf-8,gbk caused utf-8,gbk
2026-03-24 11:59:11,530 INFO o.a.j.e.StandardJMeterEngine: Running the test!
2026-03-24 11:59:11,530 INFO o.a.j.s.SampleEvent: List of sample_variables: []
2026-03-24 11:59:11,531 INFO o.a.j.g.u.JMeterMenuBar: setRunning(true, *local*)
2026-03-24 11:59:11,550 INFO o.a.j.e.StandardJMeterEngine: Starting ThreadGroup: 1 : slb压测
2026-03-24 11:59:11,550 INFO o.a.j.e.StandardJMeterEngine: Starting 1 threads for group slb压测.
2026-03-24 11:59:11,550 INFO o.a.j.e.StandardJMeterEngine: Thread will continue on error
2026-03-24 11:59:11,550 INFO o.a.j.t.ThreadGroup: Starting thread group... number=1 threads=1 ramp-up=1 delayedStart=false
2026-03-24 11:59:11,550 INFO o.a.j.t.ThreadGroup: Started thread group number 1
2026-03-24 11:59:11,550 INFO o.a.j.e.StandardJMeterEngine: All thread groups have been started
2026-03-24 11:59:11,550 INFO o.a.j.t.JMeterThread: Thread started: slb压测 1-1
2026-03-24 11:59:11,857 INFO o.a.j.t.JMeterThread: Thread is done: slb压测 1-1
2026-03-24 11:59:11,857 INFO o.a.j.t.JMeterThread: Thread finished: slb压测 1-1
2026-03-24 11:59:11,857 INFO o.a.j.e.StandardJMeterEngine: Notifying test listeners of end of test
2026-03-24 11:59:11,857 INFO o.a.j.g.u.JMeterMenuBar: setRunning(false, *local*)
2026-03-24 11:59:12,713 WARN o.a.j.s.SampleResult: Using platform default as utf-8,gbk caused utf-8,gbk
2026-03-24 11:59:12,714 WARN o.a.j.s.SampleResult: Using platform default as utf-8,gbk caused utf-8,gbk
2026-03-24 11:59:12,932 WARN o.a.j.s.SampleResult: Using platform default as utf-8,gbk caused utf-8,gbk
2026-03-24 11:59:12,936 WARN o.a.j.s.SampleResult: Using platform default as utf-8,gbk caused utf-8,gbk
2026-03-24 11:59:13,521 WARN o.a.j.s.SampleResult: Using platform default as utf-8,gbk caused utf-8,gbk
2026-03-24 11:59:13,522 WARN o.a.j.s.SampleResult: Using platform default as utf-8,gbk caused utf-8,gbk
2026-03-24 11:59:13,722 WARN o.a.j.s.SampleResult: Using platform default as utf-8,gbk caused utf-8,gbk
2026-03-24 11:59:13,722 WARN o.a.j.s.SampleResult: Using platform default as utf-8,gbk caused utf-8,gbk
